Performing C SOURCE FILE Test CMAKE_HAVE_LIBC_PTHREAD failed with the following output:
Change Dir: /home/arkadiros/ROS/tello_catkin_ws/build/svo_msgs/CMakeFiles/CMakeTmp

Run Build Command(s):/usr/bin/make cmTC_98e9e/fast && /usr/bin/make -f CMakeFiles/cmTC_98e9e.dir/build.make CMakeFiles/cmTC_98e9e.dir/build
make[1]: Entering directory '/home/arkadiros/ROS/tello_catkin_ws/build/svo_msgs/CMakeFiles/CMakeTmp'
Building C object CMakeFiles/cmTC_98e9e.dir/src.c.o
/usr/bin/cc   -DCMAKE_HAVE_LIBC_PTHREAD   -o CMakeFiles/cmTC_98e9e.dir/src.c.o   -c /home/arkadiros/ROS/tello_catkin_ws/build/svo_msgs/CMakeFiles/CMakeTmp/src.c
Linking C executable cmTC_98e9e
/usr/local/lib/python2.7/dist-packages/cmake/data/bin/cmake -E cmake_link_script CMakeFiles/cmTC_98e9e.dir/link.txt --verbose=1
/usr/bin/cc  -DCMAKE_HAVE_LIBC_PTHREAD    -rdynamic CMakeFiles/cmTC_98e9e.dir/src.c.o  -o cmTC_98e9e 
CMakeFiles/cmTC_98e9e.dir/src.c.o: In function `main':
src.c:(.text+0x3c): undefined reference to `pthread_create'
src.c:(.text+0x48): undefined reference to `pthread_detach'
src.c:(.text+0x59): undefined reference to `pthread_join'
src.c:(.text+0x6d): undefined reference to `pthread_atfork'
collect2: error: ld returned 1 exit status
CMakeFiles/cmTC_98e9e.dir/build.make:86: recipe for target 'cmTC_98e9e' failed
make[1]: *** [cmTC_98e9e] Error 1
make[1]: Leaving directory '/home/arkadiros/ROS/tello_catkin_ws/build/svo_msgs/CMakeFiles/CMakeTmp'
Makefile:121: recipe for target 'cmTC_98e9e/fast' failed
make: *** [cmTC_98e9e/fast] Error 2


Source file was:
#include <pthread.h>

void* test_func(void* data)
{
  return data;
}

int main(void)
{
  pthread_t thread;
  pthread_create(&thread, NULL, test_func, NULL);
  pthread_detach(thread);
  pthread_join(thread, NULL);
  pthread_atfork(NULL, NULL, NULL);
  pthread_exit(NULL);

  return 0;
}

Determining if the function pthread_create exists in the pthreads failed with the following output:
Change Dir: /home/arkadiros/ROS/tello_catkin_ws/build/svo_msgs/CMakeFiles/CMakeTmp

Run Build Command(s):/usr/bin/make cmTC_623e5/fast && /usr/bin/make -f CMakeFiles/cmTC_623e5.dir/build.make CMakeFiles/cmTC_623e5.dir/build
make[1]: Entering directory '/home/arkadiros/ROS/tello_catkin_ws/build/svo_msgs/CMakeFiles/CMakeTmp'
Building C object CMakeFiles/cmTC_623e5.dir/CheckFunctionExists.c.o
/usr/bin/cc   -DCHECK_FUNCTION_EXISTS=pthread_create   -o CMakeFiles/cmTC_623e5.dir/CheckFunctionExists.c.o   -c /usr/local/lib/python2.7/dist-packages/cmake/data/share/cmake-3.15/Modules/CheckFunctionExists.c
Linking C executable cmTC_623e5
/usr/local/lib/python2.7/dist-packages/cmake/data/bin/cmake -E cmake_link_script CMakeFiles/cmTC_623e5.dir/link.txt --verbose=1
/usr/bin/cc  -DCHECK_FUNCTION_EXISTS=pthread_create    -rdynamic CMakeFiles/cmTC_623e5.dir/CheckFunctionExists.c.o  -o cmTC_623e5 -lpthreads 
/usr/bin/ld: cannot find -lpthreads
collect2: error: ld returned 1 exit status
CMakeFiles/cmTC_623e5.dir/build.make:86: recipe for target 'cmTC_623e5' failed
make[1]: *** [cmTC_623e5] Error 1
make[1]: Leaving directory '/home/arkadiros/ROS/tello_catkin_ws/build/svo_msgs/CMakeFiles/CMakeTmp'
Makefile:121: recipe for target 'cmTC_623e5/fast' failed
make: *** [cmTC_623e5/fast] Error 2



